<?xml version="1.0" encoding="UTF-8"?>
<!-- Generated by org.testng.reporters.JUnitReportReporter -->
<testsuite skipped="0" hostname="CNTR0019" name="Test.POST_ConfirmGDPR_Test" tests="2" failures="0" timestamp="2023-02-02T14:52:33 EET" time="5.111" errors="0">
  <testcase name="POST_ConfirmGDPR_Success" time="2.673" classname="Test.POST_ConfirmGDPR_Test"/>
  <system-out/>
  <testcase name="POST_ConfirmGDPR_Not_Success" time="2.438" classname="Test.POST_ConfirmGDPR_Test"/>
  <system-out/>
</testsuite> <!-- Test.POST_ConfirmGDPR_Test -->
