<?xml version="1.0" encoding="UTF-8"?>
<!-- Generated by org.testng.reporters.JUnitReportReporter -->
<testsuite skipped="0" hostname="CNTR0019" name="Test.POST_CreateDevice_Test" tests="1" failures="0" timestamp="2023-02-02T14:52:33 EET" time="0.763" errors="0">
  <testcase name="POST_CreateDevice_Success" time="0.763" classname="Test.POST_CreateDevice_Test"/>
  <system-out/>
</testsuite> <!-- Test.POST_CreateDevice_Test -->
