<?xml version="1.0" encoding="UTF-8"?>
<!-- Generated by org.testng.reporters.JUnitReportReporter -->
<testsuite skipped="0" hostname="CNTR0019" name="Test.POST_ContactForm_Test" tests="2" failures="0" timestamp="2023-02-02T14:52:33 EET" time="2.805" errors="0">
  <testcase name="POST_ContactForm_Not_Success" time="1.109" classname="Test.POST_ContactForm_Test"/>
  <system-out/>
  <testcase name="POST_ContactForm_Success" time="1.696" classname="Test.POST_ContactForm_Test"/>
  <system-out/>
</testsuite> <!-- Test.POST_ContactForm_Test -->
