<?xml version="1.0" encoding="UTF-8"?>
<!-- Generated by org.testng.reporters.JUnitReportReporter -->
<testsuite skipped="0" hostname="CNTR0019" name="Test.GET_StatusCode_Test" tests="5" failures="0" timestamp="2023-02-02T14:52:33 EET" time="10.343" errors="0">
  <testcase name="Test_Public_GetPolicy" time="1.327" classname="Test.GET_StatusCode_Test"/>
  <system-out/>
  <testcase name="Test_Public_GDPR" time="3.448" classname="Test.GET_StatusCode_Test"/>
  <system-out/>
  <testcase name="Test_Public_GetReasons" time="2.056" classname="Test.GET_StatusCode_Test"/>
  <system-out/>
  <testcase name="Test_Public_GetProductsByCategory" time="2.353" classname="Test.GET_StatusCode_Test"/>
  <system-out/>
  <testcase name="Test_Public_GetLocations" time="1.159" classname="Test.GET_StatusCode_Test"/>
  <system-out/>
</testsuite> <!-- Test.GET_StatusCode_Test -->
